{"/home/amirhossein/my-projects/shopikar/app-backend/src/api/auth/register.ts": {"path":"/home/amirhossein/my-projects/shopikar/app-backend/src/api/auth/register.ts","statementMap":{"0":{"start":{"line":1,"column":0},"end":{"line":1,"column":52}},"1":{"start":{"line":2,"column":0},"end":{"line":2,"column":34}},"2":{"start":{"line":4,"column":0},"end":{"line":4,"column":56}},"3":{"start":{"line":5,"column":0},"end":{"line":5,"column":39}},"4":{"start":{"line":6,"column":0},"end":{"line":6,"column":71}},"5":{"start":{"line":7,"column":0},"end":{"line":7,"column":38}},"6":{"start":{"line":8,"column":0},"end":{"line":8,"column":43}},"7":{"start":{"line":9,"column":0},"end":{"line":9,"column":51}},"8":{"start":{"line":10,"column":0},"end":{"line":10,"column":43}},"9":{"start":{"line":13,"column":15},"end":{"line":13,"column":31}},"10":{"start":{"line":16,"column":0},"end":{"line":59,"column":null}},"11":{"start":{"line":16,"column":63},"end":{"line":59,"column":2}},"12":{"start":{"line":24,"column":6},"end":{"line":24,"column":14}},"13":{"start":{"line":26,"column":16},"end":{"line":26,"column":54}},"14":{"start":{"line":27,"column":2},"end":{"line":27,"column":null}},"15":{"start":{"line":27,"column":13},"end":{"line":27,"column":null}},"16":{"start":{"line":30,"column":2},"end":{"line":31,"column":null}},"17":{"start":{"line":31,"column":4},"end":{"line":31,"column":null}},"18":{"start":{"line":34,"column":13},"end":{"line":34,"column":46}},"19":{"start":{"line":37,"column":2},"end":{"line":38,"column":null}},"20":{"start":{"line":38,"column":4},"end":{"line":38,"column":null}},"21":{"start":{"line":41,"column":26},"end":{"line":41,"column":50}},"22":{"start":{"line":44,"column":2},"end":{"line":52,"column":null}},"23":{"start":{"line":55,"column":2},"end":{"line":55,"column":null}},"24":{"start":{"line":56,"column":2},"end":{"line":58,"column":null}},"25":{"start":{"line":62,"column":0},"end":{"line":90,"column":null}},"26":{"start":{"line":62,"column":72},"end":{"line":90,"column":2}},"27":{"start":{"line":63,"column":25},"end":{"line":63,"column":33}},"28":{"start":{"line":64,"column":15},"end":{"line":64,"column":38}},"29":{"start":{"line":67,"column":2},"end":{"line":68,"column":null}},"30":{"start":{"line":68,"column":4},"end":{"line":68,"column":null}},"31":{"start":{"line":71,"column":2},"end":{"line":75,"column":null}},"32":{"start":{"line":72,"column":4},"end":{"line":75,"column":null}},"33":{"start":{"line":78,"column":2},"end":{"line":79,"column":null}},"34":{"start":{"line":79,"column":4},"end":{"line":79,"column":null}},"35":{"start":{"line":82,"column":17},"end":{"line":84,"column":4}},"36":{"start":{"line":86,"column":2},"end":{"line":87,"column":null}},"37":{"start":{"line":87,"column":4},"end":{"line":87,"column":null}},"38":{"start":{"line":89,"column":2},"end":{"line":89,"column":null}},"39":{"start":{"line":92,"column":0},"end":{"line":92,"column":null}}},"fnMap":{"0":{"name":"(anonymous_8)","decl":{"start":{"line":16,"column":25},"end":{"line":16,"column":32}},"loc":{"start":{"line":16,"column":63},"end":{"line":59,"column":2}}},"1":{"name":"(anonymous_9)","decl":{"start":{"line":16,"column":63},"end":{"line":16,"column":null}},"loc":{"start":{"line":16,"column":63},"end":{"line":59,"column":1}}},"2":{"name":"(anonymous_10)","decl":{"start":{"line":62,"column":34},"end":{"line":62,"column":41}},"loc":{"start":{"line":62,"column":72},"end":{"line":90,"column":2}}},"3":{"name":"(anonymous_11)","decl":{"start":{"line":62,"column":72},"end":{"line":62,"column":null}},"loc":{"start":{"line":62,"column":72},"end":{"line":90,"column":1}}}},"branchMap":{"0":{"loc":{"start":{"line":22,"column":18},"end":{"line":22,"column":34}},"type":"default-arg","locations":[{"start":{"line":22,"column":18},"end":{"line":22,"column":34}}]},"1":{"loc":{"start":{"line":23,"column":11},"end":{"line":23,"column":16}},"type":"default-arg","locations":[{"start":{"line":23,"column":11},"end":{"line":23,"column":16}}]},"2":{"loc":{"start":{"line":27,"column":2},"end":{"line":27,"column":null}},"type":"if","locations":[{"start":{"line":27,"column":2},"end":{"line":27,"column":null}},{"start":{"line":27,"column":2},"end":{"line":27,"column":null}}]},"3":{"loc":{"start":{"line":30,"column":2},"end":{"line":31,"column":null}},"type":"if","locations":[{"start":{"line":30,"column":2},"end":{"line":31,"column":null}},{"start":{"line":30,"column":2},"end":{"line":31,"column":null}}]},"4":{"loc":{"start":{"line":37,"column":2},"end":{"line":38,"column":null}},"type":"if","locations":[{"start":{"line":37,"column":2},"end":{"line":38,"column":null}},{"start":{"line":37,"column":2},"end":{"line":38,"column":null}}]},"5":{"loc":{"start":{"line":67,"column":2},"end":{"line":68,"column":null}},"type":"if","locations":[{"start":{"line":67,"column":2},"end":{"line":68,"column":null}},{"start":{"line":67,"column":2},"end":{"line":68,"column":null}}]},"6":{"loc":{"start":{"line":71,"column":2},"end":{"line":75,"column":null}},"type":"if","locations":[{"start":{"line":71,"column":2},"end":{"line":75,"column":null}},{"start":{"line":71,"column":2},"end":{"line":75,"column":null}}]},"7":{"loc":{"start":{"line":78,"column":2},"end":{"line":79,"column":null}},"type":"if","locations":[{"start":{"line":78,"column":2},"end":{"line":79,"column":null}},{"start":{"line":78,"column":2},"end":{"line":79,"column":null}}]},"8":{"loc":{"start":{"line":86,"column":2},"end":{"line":87,"column":null}},"type":"if","locations":[{"start":{"line":86,"column":2},"end":{"line":87,"column":null}},{"start":{"line":86,"column":2},"end":{"line":87,"column":null}}]}},"s":{"0":1,"1":1,"2":1,"3":1,"4":1,"5":1,"6":1,"7":1,"8":1,"9":1,"10":1,"11":2,"12":2,"13":2,"14":2,"15":1,"16":1,"17":0,"18":1,"19":0,"20":0,"21":0,"22":0,"23":0,"24":0,"25":1,"26":0,"27":0,"28":0,"29":0,"30":0,"31":0,"32":0,"33":0,"34":0,"35":0,"36":0,"37":0,"38":0,"39":1},"f":{"0":2,"1":2,"2":0,"3":0},"b":{"0":[2],"1":[2],"2":[1,1],"3":[0,1],"4":[0,0],"5":[0,0],"6":[0,0],"7":[0,0],"8":[0,0]}}
,"/home/amirhossein/my-projects/shopikar/app-backend/src/endpoints/admin/index.ts": {"path":"/home/amirhossein/my-projects/shopikar/app-backend/src/endpoints/admin/index.ts","statementMap":{"0":{"start":{"line":1,"column":13},"end":{"line":1,"column":null}}},"fnMap":{},"branchMap":{},"s":{"0":1},"f":{},"b":{}}
,"/home/amirhossein/my-projects/shopikar/app-backend/src/endpoints/auth/index.ts": {"path":"/home/amirhossein/my-projects/shopikar/app-backend/src/endpoints/auth/index.ts","statementMap":{"0":{"start":{"line":1,"column":13},"end":{"line":1,"column":null}}},"fnMap":{},"branchMap":{},"s":{"0":1},"f":{},"b":{}}
,"/home/amirhossein/my-projects/shopikar/app-backend/src/server/index.ts": {"path":"/home/amirhossein/my-projects/shopikar/app-backend/src/server/index.ts","statementMap":{"0":{"start":{"line":1,"column":0},"end":{"line":1,"column":52}},"1":{"start":{"line":2,"column":0},"end":{"line":2,"column":25}},"2":{"start":{"line":3,"column":0},"end":{"line":3,"column":52}},"3":{"start":{"line":4,"column":0},"end":{"line":4,"column":36}},"4":{"start":{"line":5,"column":0},"end":{"line":5,"column":44}},"5":{"start":{"line":8,"column":24},"end":{"line":8,"column":44}},"6":{"start":{"line":9,"column":12},"end":{"line":9,"column":21}},"7":{"start":{"line":15,"column":0},"end":{"line":15,"column":null}},"8":{"start":{"line":18,"column":0},"end":{"line":20,"column":null}},"9":{"start":{"line":19,"column":2},"end":{"line":19,"column":null}},"10":{"start":{"line":22,"column":0},"end":{"line":22,"column":null}},"11":{"start":{"line":25,"column":13},"end":{"line":25,"column":40}},"12":{"start":{"line":26,"column":13},"end":{"line":28,"column":null}},"13":{"start":{"line":27,"column":2},"end":{"line":27,"column":46}},"14":{"start":{"line":31,"column":0},"end":{"line":31,"column":null}}},"fnMap":{"0":{"name":"(anonymous_1)","decl":{"start":{"line":18,"column":13},"end":{"line":18,"column":14}},"loc":{"start":{"line":18,"column":45},"end":{"line":20,"column":1}}},"1":{"name":"(anonymous_2)","decl":{"start":{"line":26,"column":39},"end":{"line":26,"column":42}},"loc":{"start":{"line":27,"column":2},"end":{"line":27,"column":46}}}},"branchMap":{"0":{"loc":{"start":{"line":25,"column":13},"end":{"line":25,"column":32}},"type":"binary-expr","locations":[{"start":{"line":25,"column":13},"end":{"line":25,"column":32}},{"start":{"line":25,"column":36},"end":{"line":25,"column":40}}]}},"s":{"0":1,"1":1,"2":1,"3":1,"4":1,"5":1,"6":1,"7":1,"8":1,"9":0,"10":1,"11":1,"12":1,"13":1,"14":1},"f":{"0":0,"1":1},"b":{"0":[1,1]}}
,"/home/amirhossein/my-projects/shopikar/app-backend/src/services/auth/validators.ts": {"path":"/home/amirhossein/my-projects/shopikar/app-backend/src/services/auth/validators.ts","statementMap":{"0":{"start":{"line":2,"column":0},"end":{"line":2,"column":21}},"1":{"start":{"line":3,"column":0},"end":{"line":3,"column":39}},"2":{"start":{"line":4,"column":0},"end":{"line":4,"column":null}},"3":{"start":{"line":14,"column":30},"end":{"line":33,"column":null}},"4":{"start":{"line":14,"column":62},"end":{"line":33,"column":null}},"5":{"start":{"line":15,"column":17},"end":{"line":24,"column":4}},"6":{"start":{"line":25,"column":2},"end":{"line":32,"column":null}},"7":{"start":{"line":28,"column":8},"end":{"line":28,"column":48}},"8":{"start":{"line":29,"column":4},"end":{"line":29,"column":null}},"9":{"start":{"line":31,"column":4},"end":{"line":31,"column":null}},"10":{"start":{"line":14,"column":13},"end":{"line":14,"column":30}},"11":{"start":{"line":36,"column":29},"end":{"line":63,"column":null}},"12":{"start":{"line":36,"column":60},"end":{"line":63,"column":null}},"13":{"start":{"line":37,"column":17},"end":{"line":54,"column":4}},"14":{"start":{"line":55,"column":2},"end":{"line":62,"column":null}},"15":{"start":{"line":58,"column":8},"end":{"line":58,"column":46}},"16":{"start":{"line":59,"column":4},"end":{"line":59,"column":null}},"17":{"start":{"line":61,"column":4},"end":{"line":61,"column":null}},"18":{"start":{"line":36,"column":13},"end":{"line":36,"column":29}},"19":{"start":{"line":66,"column":33},"end":{"line":93,"column":null}},"20":{"start":{"line":66,"column":68},"end":{"line":93,"column":null}},"21":{"start":{"line":67,"column":17},"end":{"line":84,"column":4}},"22":{"start":{"line":85,"column":2},"end":{"line":92,"column":null}},"23":{"start":{"line":88,"column":8},"end":{"line":88,"column":37}},"24":{"start":{"line":89,"column":4},"end":{"line":89,"column":null}},"25":{"start":{"line":91,"column":4},"end":{"line":91,"column":null}},"26":{"start":{"line":66,"column":13},"end":{"line":66,"column":33}},"27":{"start":{"line":96,"column":29},"end":{"line":115,"column":null}},"28":{"start":{"line":96,"column":60},"end":{"line":115,"column":null}},"29":{"start":{"line":97,"column":17},"end":{"line":106,"column":4}},"30":{"start":{"line":107,"column":2},"end":{"line":114,"column":null}},"31":{"start":{"line":110,"column":8},"end":{"line":110,"column":46}},"32":{"start":{"line":111,"column":4},"end":{"line":111,"column":null}},"33":{"start":{"line":113,"column":4},"end":{"line":113,"column":null}},"34":{"start":{"line":96,"column":13},"end":{"line":96,"column":29}},"35":{"start":{"line":119,"column":29},"end":{"line":142,"column":null}},"36":{"start":{"line":124,"column":12},"end":{"line":142,"column":null}},"37":{"start":{"line":125,"column":2},"end":{"line":125,"column":null}},"38":{"start":{"line":126,"column":2},"end":{"line":126,"column":null}},"39":{"start":{"line":127,"column":22},"end":{"line":127,"column":60}},"40":{"start":{"line":128,"column":25},"end":{"line":128,"column":66}},"41":{"start":{"line":129,"column":22},"end":{"line":129,"column":59}},"42":{"start":{"line":130,"column":21},"end":{"line":130,"column":56}},"43":{"start":{"line":132,"column":4},"end":{"line":132,"column":70}},"44":{"start":{"line":134,"column":2},"end":{"line":141,"column":null}},"45":{"start":{"line":119,"column":13},"end":{"line":119,"column":29}}},"fnMap":{"0":{"name":"(anonymous_8)","decl":{"start":{"line":14,"column":30},"end":{"line":14,"column":37}},"loc":{"start":{"line":14,"column":62},"end":{"line":33,"column":null}}},"1":{"name":"(anonymous_9)","decl":{"start":{"line":14,"column":62},"end":{"line":14,"column":null}},"loc":{"start":{"line":14,"column":62},"end":{"line":33,"column":1}}},"2":{"name":"(anonymous_10)","decl":{"start":{"line":36,"column":29},"end":{"line":36,"column":36}},"loc":{"start":{"line":36,"column":60},"end":{"line":63,"column":null}}},"3":{"name":"(anonymous_11)","decl":{"start":{"line":36,"column":60},"end":{"line":36,"column":null}},"loc":{"start":{"line":36,"column":60},"end":{"line":63,"column":1}}},"4":{"name":"(anonymous_12)","decl":{"start":{"line":66,"column":33},"end":{"line":66,"column":40}},"loc":{"start":{"line":66,"column":68},"end":{"line":93,"column":null}}},"5":{"name":"(anonymous_13)","decl":{"start":{"line":66,"column":68},"end":{"line":66,"column":null}},"loc":{"start":{"line":66,"column":68},"end":{"line":93,"column":1}}},"6":{"name":"(anonymous_14)","decl":{"start":{"line":96,"column":29},"end":{"line":96,"column":36}},"loc":{"start":{"line":96,"column":60},"end":{"line":115,"column":null}}},"7":{"name":"(anonymous_15)","decl":{"start":{"line":96,"column":60},"end":{"line":96,"column":null}},"loc":{"start":{"line":96,"column":60},"end":{"line":115,"column":1}}},"8":{"name":"(anonymous_16)","decl":{"start":{"line":119,"column":29},"end":{"line":119,"column":36}},"loc":{"start":{"line":124,"column":12},"end":{"line":142,"column":null}}},"9":{"name":"(anonymous_17)","decl":{"start":{"line":124,"column":12},"end":{"line":124,"column":null}},"loc":{"start":{"line":124,"column":12},"end":{"line":142,"column":1}}}},"branchMap":{"0":{"loc":{"start":{"line":27,"column":25},"end":{"line":27,"column":27}},"type":"default-arg","locations":[{"start":{"line":27,"column":25},"end":{"line":27,"column":27}}]},"1":{"loc":{"start":{"line":29,"column":21},"end":{"line":29,"column":23}},"type":"cond-expr","locations":[{"start":{"line":29,"column":21},"end":{"line":29,"column":23}},{"start":{"line":29,"column":21},"end":{"line":29,"column":30}}]},"2":{"loc":{"start":{"line":29,"column":11},"end":{"line":29,"column":23}},"type":"binary-expr","locations":[{"start":{"line":29,"column":11},"end":{"line":29,"column":23}},{"start":{"line":29,"column":21},"end":{"line":29,"column":23}}]},"3":{"loc":{"start":{"line":57,"column":25},"end":{"line":57,"column":27}},"type":"default-arg","locations":[{"start":{"line":57,"column":25},"end":{"line":57,"column":27}}]},"4":{"loc":{"start":{"line":59,"column":21},"end":{"line":59,"column":23}},"type":"cond-expr","locations":[{"start":{"line":59,"column":21},"end":{"line":59,"column":23}},{"start":{"line":59,"column":21},"end":{"line":59,"column":30}}]},"5":{"loc":{"start":{"line":59,"column":11},"end":{"line":59,"column":23}},"type":"binary-expr","locations":[{"start":{"line":59,"column":11},"end":{"line":59,"column":23}},{"start":{"line":59,"column":21},"end":{"line":59,"column":23}}]},"6":{"loc":{"start":{"line":87,"column":25},"end":{"line":87,"column":27}},"type":"default-arg","locations":[{"start":{"line":87,"column":25},"end":{"line":87,"column":27}}]},"7":{"loc":{"start":{"line":89,"column":21},"end":{"line":89,"column":23}},"type":"cond-expr","locations":[{"start":{"line":89,"column":21},"end":{"line":89,"column":23}},{"start":{"line":89,"column":21},"end":{"line":89,"column":30}}]},"8":{"loc":{"start":{"line":89,"column":11},"end":{"line":89,"column":23}},"type":"binary-expr","locations":[{"start":{"line":89,"column":11},"end":{"line":89,"column":23}},{"start":{"line":89,"column":21},"end":{"line":89,"column":23}}]},"9":{"loc":{"start":{"line":109,"column":25},"end":{"line":109,"column":27}},"type":"default-arg","locations":[{"start":{"line":109,"column":25},"end":{"line":109,"column":27}}]},"10":{"loc":{"start":{"line":111,"column":21},"end":{"line":111,"column":23}},"type":"cond-expr","locations":[{"start":{"line":111,"column":21},"end":{"line":111,"column":23}},{"start":{"line":111,"column":21},"end":{"line":111,"column":30}}]},"11":{"loc":{"start":{"line":111,"column":11},"end":{"line":111,"column":23}},"type":"binary-expr","locations":[{"start":{"line":111,"column":11},"end":{"line":111,"column":23}},{"start":{"line":111,"column":21},"end":{"line":111,"column":23}}]},"12":{"loc":{"start":{"line":127,"column":22},"end":{"line":127,"column":27}},"type":"binary-expr","locations":[{"start":{"line":127,"column":22},"end":{"line":127,"column":27}},{"start":{"line":127,"column":32},"end":{"line":127,"column":59}}]},"13":{"loc":{"start":{"line":128,"column":49},"end":{"line":128,"column":57}},"type":"binary-expr","locations":[{"start":{"line":128,"column":49},"end":{"line":128,"column":57}},{"start":{"line":128,"column":61},"end":{"line":128,"column":65}}]},"14":{"loc":{"start":{"line":129,"column":22},"end":{"line":129,"column":27}},"type":"binary-expr","locations":[{"start":{"line":129,"column":22},"end":{"line":129,"column":27}},{"start":{"line":129,"column":32},"end":{"line":129,"column":58}}]},"15":{"loc":{"start":{"line":130,"column":21},"end":{"line":130,"column":25}},"type":"binary-expr","locations":[{"start":{"line":130,"column":21},"end":{"line":130,"column":25}},{"start":{"line":130,"column":30},"end":{"line":130,"column":55}}]},"16":{"loc":{"start":{"line":132,"column":4},"end":{"line":132,"column":17}},"type":"binary-expr","locations":[{"start":{"line":132,"column":4},"end":{"line":132,"column":17}},{"start":{"line":132,"column":21},"end":{"line":132,"column":34}},{"start":{"line":132,"column":38},"end":{"line":132,"column":50}},{"start":{"line":132,"column":54},"end":{"line":132,"column":70}}]},"17":{"loc":{"start":{"line":135,"column":6},"end":{"line":140,"column":null}},"type":"cond-expr","locations":[{"start":{"line":135,"column":6},"end":{"line":140,"column":null}},{"start":{"line":141,"column":6},"end":{"line":141,"column":10}}]}},"s":{"0":2,"1":2,"2":2,"3":2,"4":5,"5":5,"6":5,"7":5,"8":3,"9":2,"10":2,"11":2,"12":7,"13":7,"14":7,"15":7,"16":5,"17":2,"18":2,"19":2,"20":8,"21":8,"22":8,"23":8,"24":5,"25":3,"26":2,"27":2,"28":4,"29":4,"30":4,"31":4,"32":3,"33":1,"34":2,"35":2,"36":2,"37":2,"38":2,"39":2,"40":2,"41":2,"42":2,"43":2,"44":2,"45":2},"f":{"0":5,"1":5,"2":7,"3":7,"4":8,"5":8,"6":4,"7":4,"8":2,"9":2},"b":{"0":[0],"1":[0,3],"2":[3,3],"3":[0],"4":[0,5],"5":[5,5],"6":[0],"7":[0,5],"8":[5,5],"9":[0],"10":[0,3],"11":[3,3],"12":[2,1],"13":[2,1],"14":[2,0],"15":[2,0],"16":[2,2,2,2],"17":[1,1]}}
,"/home/amirhossein/my-projects/shopikar/app-backend/src/services/sms/helper.ts": {"path":"/home/amirhossein/my-projects/shopikar/app-backend/src/services/sms/helper.ts","statementMap":{"0":{"start":{"line":3,"column":13},"end":{"line":5,"column":null}},"1":{"start":{"line":4,"column":30},"end":{"line":4,"column":59}},"2":{"start":{"line":8,"column":31},"end":{"line":11,"column":null}},"3":{"start":{"line":8,"column":66},"end":{"line":11,"column":null}},"4":{"start":{"line":10,"column":2},"end":{"line":10,"column":null}},"5":{"start":{"line":8,"column":13},"end":{"line":8,"column":31}}},"fnMap":{"0":{"name":"(anonymous_7)","decl":{"start":{"line":4,"column":13},"end":{"line":4,"column":14}},"loc":{"start":{"line":4,"column":30},"end":{"line":4,"column":59}}},"1":{"name":"(anonymous_8)","decl":{"start":{"line":8,"column":31},"end":{"line":8,"column":38}},"loc":{"start":{"line":8,"column":66},"end":{"line":11,"column":null}}},"2":{"name":"(anonymous_9)","decl":{"start":{"line":8,"column":66},"end":{"line":8,"column":null}},"loc":{"start":{"line":8,"column":66},"end":{"line":11,"column":1}}}},"branchMap":{},"s":{"0":1,"1":0,"2":1,"3":0,"4":0,"5":1},"f":{"0":0,"1":0,"2":0},"b":{}}
,"/home/amirhossein/my-projects/shopikar/app-backend/src/services/sms/index.ts": {"path":"/home/amirhossein/my-projects/shopikar/app-backend/src/services/sms/index.ts","statementMap":{"0":{"start":{"line":2,"column":0},"end":{"line":2,"column":34}},"1":{"start":{"line":3,"column":0},"end":{"line":3,"column":27}},"2":{"start":{"line":4,"column":0},"end":{"line":4,"column":37}},"3":{"start":{"line":11,"column":23},"end":{"line":16,"column":null}},"4":{"start":{"line":11,"column":44},"end":{"line":16,"column":null}},"5":{"start":{"line":12,"column":15},"end":{"line":12,"column":20}},"6":{"start":{"line":13,"column":18},"end":{"line":13,"column":53}},"7":{"start":{"line":14,"column":2},"end":{"line":14,"column":null}},"8":{"start":{"line":14,"column":35},"end":{"line":14,"column":null}},"9":{"start":{"line":15,"column":2},"end":{"line":15,"column":null}},"10":{"start":{"line":11,"column":13},"end":{"line":11,"column":23}},"11":{"start":{"line":19,"column":36},"end":{"line":24,"column":null}},"12":{"start":{"line":19,"column":70},"end":{"line":24,"column":null}},"13":{"start":{"line":20,"column":15},"end":{"line":20,"column":20}},"14":{"start":{"line":21,"column":18},"end":{"line":21,"column":35}},"15":{"start":{"line":22,"column":2},"end":{"line":22,"column":null}},"16":{"start":{"line":23,"column":2},"end":{"line":23,"column":null}},"17":{"start":{"line":19,"column":13},"end":{"line":19,"column":36}}},"fnMap":{"0":{"name":"(anonymous_8)","decl":{"start":{"line":11,"column":23},"end":{"line":11,"column":30}},"loc":{"start":{"line":11,"column":44},"end":{"line":16,"column":null}}},"1":{"name":"(anonymous_9)","decl":{"start":{"line":11,"column":44},"end":{"line":11,"column":null}},"loc":{"start":{"line":11,"column":44},"end":{"line":16,"column":1}}},"2":{"name":"(anonymous_10)","decl":{"start":{"line":19,"column":36},"end":{"line":19,"column":43}},"loc":{"start":{"line":19,"column":70},"end":{"line":24,"column":null}}},"3":{"name":"(anonymous_11)","decl":{"start":{"line":19,"column":70},"end":{"line":19,"column":null}},"loc":{"start":{"line":19,"column":70},"end":{"line":24,"column":1}}}},"branchMap":{"0":{"loc":{"start":{"line":14,"column":2},"end":{"line":14,"column":null}},"type":"if","locations":[{"start":{"line":14,"column":2},"end":{"line":14,"column":null}},{"start":{"line":14,"column":2},"end":{"line":14,"column":null}}]}},"s":{"0":1,"1":1,"2":1,"3":1,"4":0,"5":0,"6":0,"7":0,"8":0,"9":0,"10":1,"11":1,"12":0,"13":0,"14":0,"15":0,"16":0,"17":1},"f":{"0":0,"1":0,"2":0,"3":0},"b":{"0":[0,0]}}
,"/home/amirhossein/my-projects/shopikar/app-backend/src/startup/middleware.ts": {"path":"/home/amirhossein/my-projects/shopikar/app-backend/src/startup/middleware.ts","statementMap":{"0":{"start":{"line":1,"column":0},"end":{"line":1,"column":null}},"1":{"start":{"line":9,"column":0},"end":{"line":9,"column":27}},"2":{"start":{"line":14,"column":26},"end":{"line":29,"column":1}},"3":{"start":{"line":15,"column":2},"end":{"line":15,"column":null}},"4":{"start":{"line":16,"column":2},"end":{"line":16,"column":null}},"5":{"start":{"line":17,"column":2},"end":{"line":17,"column":null}},"6":{"start":{"line":18,"column":2},"end":{"line":18,"column":null}},"7":{"start":{"line":21,"column":2},"end":{"line":28,"column":null}},"8":{"start":{"line":27,"column":4},"end":{"line":27,"column":null}},"9":{"start":{"line":14,"column":13},"end":{"line":14,"column":26}}},"fnMap":{"0":{"name":"(anonymous_7)","decl":{"start":{"line":14,"column":26},"end":{"line":14,"column":27}},"loc":{"start":{"line":14,"column":43},"end":{"line":29,"column":1}}},"1":{"name":"(anonymous_8)","decl":{"start":{"line":21,"column":10},"end":{"line":21,"column":null}},"loc":{"start":{"line":25,"column":22},"end":{"line":28,"column":3}}}},"branchMap":{},"s":{"0":1,"1":1,"2":1,"3":1,"4":1,"5":1,"6":1,"7":1,"8":0,"9":1},"f":{"0":1,"1":0},"b":{}}
,"/home/amirhossein/my-projects/shopikar/app-backend/src/startup/routes.ts": {"path":"/home/amirhossein/my-projects/shopikar/app-backend/src/startup/routes.ts","statementMap":{"0":{"start":{"line":2,"column":0},"end":{"line":2,"column":48}},"1":{"start":{"line":3,"column":0},"end":{"line":3,"column":42}},"2":{"start":{"line":4,"column":0},"end":{"line":4,"column":51}},"3":{"start":{"line":5,"column":0},"end":{"line":5,"column":43}},"4":{"start":{"line":7,"column":22},"end":{"line":13,"column":1}},"5":{"start":{"line":9,"column":2},"end":{"line":9,"column":42}},"6":{"start":{"line":12,"column":2},"end":{"line":12,"column":37}},"7":{"start":{"line":7,"column":13},"end":{"line":7,"column":22}}},"fnMap":{"0":{"name":"(anonymous_1)","decl":{"start":{"line":7,"column":22},"end":{"line":7,"column":23}},"loc":{"start":{"line":7,"column":39},"end":{"line":13,"column":1}}}},"branchMap":{},"s":{"0":1,"1":1,"2":1,"3":1,"4":1,"5":1,"6":1,"7":1},"f":{"0":1},"b":{}}
,"/home/amirhossein/my-projects/shopikar/app-backend/src/subscribers/i18next/index.ts": {"path":"/home/amirhossein/my-projects/shopikar/app-backend/src/subscribers/i18next/index.ts","statementMap":{"0":{"start":{"line":1,"column":0},"end":{"line":1,"column":29}},"1":{"start":{"line":2,"column":0},"end":{"line":2,"column":48}},"2":{"start":{"line":3,"column":0},"end":{"line":3,"column":52}},"3":{"start":{"line":5,"column":13},"end":{"line":12,"column":null}},"4":{"start":{"line":14,"column":13},"end":{"line":14,"column":null}}},"fnMap":{},"branchMap":{},"s":{"0":2,"1":2,"2":2,"3":2,"4":2},"f":{},"b":{}}
,"/home/amirhossein/my-projects/shopikar/app-backend/src/types/auth/user.ts": {"path":"/home/amirhossein/my-projects/shopikar/app-backend/src/types/auth/user.ts","statementMap":{"0":{"start":{"line":2,"column":13},"end":{"line":2,"column":null}},"1":{"start":{"line":3,"column":13},"end":{"line":3,"column":null}},"2":{"start":{"line":6,"column":13},"end":{"line":6,"column":null}},"3":{"start":{"line":7,"column":13},"end":{"line":7,"column":null}},"4":{"start":{"line":9,"column":0},"end":{"line":9,"column":null}},"5":{"start":{"line":10,"column":2},"end":{"line":10,"column":null}},"6":{"start":{"line":11,"column":2},"end":{"line":11,"column":null}},"7":{"start":{"line":14,"column":0},"end":{"line":14,"column":null}},"8":{"start":{"line":15,"column":2},"end":{"line":15,"column":null}},"9":{"start":{"line":16,"column":2},"end":{"line":16,"column":null}},"10":{"start":{"line":17,"column":2},"end":{"line":17,"column":null}},"11":{"start":{"line":18,"column":2},"end":{"line":18,"column":null}},"12":{"start":{"line":32,"column":0},"end":{"line":32,"column":null}},"13":{"start":{"line":33,"column":2},"end":{"line":33,"column":null}},"14":{"start":{"line":34,"column":2},"end":{"line":34,"column":null}},"15":{"start":{"line":35,"column":2},"end":{"line":35,"column":null}}},"fnMap":{"0":{"name":"(anonymous_0)","decl":{"start":{"line":9,"column":0},"end":{"line":9,"column":12}},"loc":{"start":{"line":9,"column":17},"end":{"line":12,"column":1}}},"1":{"name":"(anonymous_1)","decl":{"start":{"line":14,"column":0},"end":{"line":14,"column":12}},"loc":{"start":{"line":14,"column":22},"end":{"line":19,"column":1}}},"2":{"name":"(anonymous_2)","decl":{"start":{"line":32,"column":0},"end":{"line":32,"column":12}},"loc":{"start":{"line":32,"column":22},"end":{"line":36,"column":1}}}},"branchMap":{"0":{"loc":{"start":{"line":9,"column":12},"end":{"line":9,"column":17}},"type":"binary-expr","locations":[{"start":{"line":9,"column":12},"end":{"line":9,"column":17}},{"start":{"line":9,"column":12},"end":{"line":9,"column":null}}]},"1":{"loc":{"start":{"line":14,"column":12},"end":{"line":14,"column":22}},"type":"binary-expr","locations":[{"start":{"line":14,"column":12},"end":{"line":14,"column":22}},{"start":{"line":14,"column":12},"end":{"line":14,"column":null}}]},"2":{"loc":{"start":{"line":32,"column":12},"end":{"line":32,"column":22}},"type":"binary-expr","locations":[{"start":{"line":32,"column":12},"end":{"line":32,"column":22}},{"start":{"line":32,"column":12},"end":{"line":32,"column":null}}]}},"s":{"0":2,"1":2,"2":2,"3":2,"4":2,"5":2,"6":2,"7":2,"8":2,"9":2,"10":2,"11":2,"12":2,"13":2,"14":2,"15":2},"f":{"0":2,"1":2,"2":2},"b":{"0":[2,2],"1":[2,2],"2":[2,2]}}
}
