TN:
SF:src\api\auth\register.ts
FN:17,(anonymous_8)
FN:17,(anonymous_9)
FN:61,(anonymous_10)
FN:61,(anonymous_11)
FNF:4
FNH:2
FNDA:2,(anonymous_8)
FNDA:2,(anonymous_9)
FNDA:0,(anonymous_10)
FNDA:0,(anonymous_11)
DA:1,1
DA:2,1
DA:4,1
DA:5,1
DA:6,1
DA:7,1
DA:8,1
DA:9,1
DA:10,1
DA:11,1
DA:12,1
DA:14,1
DA:17,2
DA:25,2
DA:26,2
DA:27,2
DA:30,0
DA:31,0
DA:34,0
DA:37,0
DA:38,0
DA:41,0
DA:44,0
DA:54,0
DA:55,0
DA:61,1
DA:62,0
DA:63,0
DA:66,0
DA:67,0
DA:70,0
DA:71,0
DA:77,0
DA:78,0
DA:80,0
DA:81,0
DA:82,0
DA:87,0
DA:88,0
DA:90,1
LF:40
LH:18
BRDA:23,0,0,2
BRDA:24,1,0,2
BRDA:27,2,0,2
BRDA:27,2,1,0
BRDA:30,3,0,0
BRDA:30,3,1,0
BRDA:37,4,0,0
BRDA:37,4,1,0
BRDA:66,5,0,0
BRDA:66,5,1,0
BRDA:70,6,0,0
BRDA:70,6,1,0
BRDA:77,7,0,0
BRDA:77,7,1,0
BRDA:80,8,0,0
BRDA:87,9,0,0
BRDA:87,9,1,0
BRF:17
BRH:3
end_of_record
TN:
SF:src\endpoints\auth\index.ts
FNF:0
FNH:0
DA:1,1
DA:3,1
LF:2
LH:2
BRF:0
BRH:0
end_of_record
TN:
SF:src\middleware\auth\index.ts
FN:7,(anonymous_1)
FNF:1
FNH:0
FNDA:0,(anonymous_1)
DA:2,1
DA:3,1
DA:4,1
DA:7,1
DA:8,0
DA:9,0
DA:10,0
DA:11,0
DA:12,0
DA:13,0
DA:14,0
DA:16,0
LF:12
LH:4
BRDA:9,0,0,0
BRDA:9,0,1,0
BRF:2
BRH:0
end_of_record
TN:
SF:src\server\index.ts
FN:23,(anonymous_7)
FN:30,(anonymous_8)
FN:46,(anonymous_9)
FNF:3
FNH:1
FNDA:1,(anonymous_7)
FNDA:0,(anonymous_8)
FNDA:0,(anonymous_9)
DA:1,1
DA:2,1
DA:3,1
DA:4,1
DA:5,1
DA:6,1
DA:7,1
DA:8,1
DA:9,1
DA:11,1
DA:12,1
DA:13,1
DA:16,1
DA:17,1
DA:18,1
DA:19,1
DA:22,1
DA:23,1
DA:24,1
DA:28,1
DA:30,1
DA:31,0
DA:35,1
DA:36,1
DA:38,1
DA:47,0
LF:26
LH:24
BRDA:22,0,0,1
BRDA:22,0,1,1
BRF:2
BRH:2
end_of_record
TN:
SF:src\services\auth\validators.ts
FN:18,(anonymous_8)
FN:18,(anonymous_9)
FN:40,(anonymous_10)
FN:40,(anonymous_11)
FN:66,(anonymous_12)
FN:66,(anonymous_13)
FN:96,(anonymous_14)
FN:96,(anonymous_15)
FN:119,(anonymous_16)
FN:119,(anonymous_17)
FNF:10
FNH:10
FNDA:4,(anonymous_8)
FNDA:4,(anonymous_9)
FNDA:7,(anonymous_10)
FNDA:7,(anonymous_11)
FNDA:7,(anonymous_12)
FNDA:7,(anonymous_13)
FNDA:4,(anonymous_14)
FNDA:4,(anonymous_15)
FNDA:2,(anonymous_16)
FNDA:2,(anonymous_17)
DA:1,2
DA:2,2
DA:3,2
DA:4,2
DA:14,2
DA:15,2
DA:18,4
DA:19,4
DA:29,4
DA:32,4
DA:33,3
DA:35,1
DA:40,7
DA:41,7
DA:55,7
DA:58,7
DA:59,5
DA:61,2
DA:66,7
DA:67,7
DA:85,7
DA:88,7
DA:89,6
DA:91,1
DA:96,4
DA:97,4
DA:107,4
DA:110,4
DA:111,3
DA:113,1
DA:119,2
DA:120,2
DA:121,2
DA:122,2
DA:123,2
DA:126,2
DA:128,2
LF:37
LH:37
BRDA:31,0,0,0
BRDA:33,1,0,0
BRDA:33,1,1,3
BRDA:33,2,0,3
BRDA:33,2,1,3
BRDA:57,3,0,0
BRDA:59,4,0,0
BRDA:59,4,1,5
BRDA:59,5,0,5
BRDA:59,5,1,5
BRDA:87,6,0,0
BRDA:89,7,0,0
BRDA:89,7,1,6
BRDA:89,8,0,6
BRDA:89,8,1,6
BRDA:109,9,0,0
BRDA:111,10,0,0
BRDA:111,10,1,3
BRDA:111,11,0,3
BRDA:111,11,1,3
BRDA:120,12,0,2
BRDA:120,12,1,0
BRDA:122,13,0,2
BRDA:122,13,1,0
BRDA:123,14,0,2
BRDA:123,14,1,0
BRDA:126,15,0,2
BRDA:126,15,1,2
BRDA:126,15,2,2
BRDA:126,15,3,2
BRDA:129,16,0,2
BRDA:129,16,1,0
BRF:32
BRH:20
end_of_record
TN:
SF:src\services\sms\verification_code.ts
FN:5,(anonymous_8)
FN:8,(anonymous_9)
FN:22,(anonymous_10)
FN:22,(anonymous_11)
FNF:4
FNH:0
FNDA:0,(anonymous_8)
FNDA:0,(anonymous_9)
FNDA:0,(anonymous_10)
FNDA:0,(anonymous_11)
DA:1,1
DA:2,1
DA:5,1
DA:8,0
DA:9,0
DA:10,0
DA:11,0
DA:13,0
DA:14,0
DA:16,0
DA:18,0
DA:22,1
DA:24,0
LF:13
LH:4
BRDA:7,0,0,0
BRDA:12,1,0,0
BRDA:12,1,1,0
BRF:3
BRH:0
end_of_record
TN:
SF:src\subscribers\i18next\index.ts
FNF:0
FNH:0
DA:1,2
DA:2,2
DA:3,2
DA:5,2
DA:14,2
LF:5
LH:5
BRF:0
BRH:0
end_of_record
TN:
SF:src\types\auth\user.ts
FN:9,(anonymous_0)
FN:14,(anonymous_1)
FN:32,(anonymous_2)
FNF:3
FNH:3
FNDA:2,(anonymous_0)
FNDA:2,(anonymous_1)
FNDA:2,(anonymous_2)
DA:2,2
DA:3,2
DA:6,2
DA:7,2
DA:9,2
DA:10,2
DA:11,2
DA:14,2
DA:15,2
DA:16,2
DA:17,2
DA:18,2
DA:32,2
DA:33,2
DA:34,2
DA:35,2
LF:16
LH:16
BRDA:9,0,0,2
BRDA:9,0,1,2
BRDA:14,1,0,2
BRDA:14,1,1,2
BRDA:32,2,0,2
BRDA:32,2,1,2
BRF:6
BRH:6
end_of_record
TN:
SF:src\types\services\sms.ts
FN:1,(anonymous_0)
FNF:1
FNH:1
FNDA:1,(anonymous_0)
DA:1,1
DA:2,1
LF:2
LH:2
BRDA:1,0,0,1
BRDA:1,0,1,1
BRF:2
BRH:2
end_of_record
TN:
SF:src\utils\findeUser.ts
FN:5,(anonymous_7)
FN:5,(anonymous_8)
FNF:2
FNH:0
FNDA:0,(anonymous_7)
FNDA:0,(anonymous_8)
DA:1,1
DA:2,1
DA:5,1
DA:6,0
DA:8,0
DA:10,0
DA:12,0
DA:14,0
LF:8
LH:3
BRDA:7,0,0,0
BRDA:7,0,1,0
BRDA:7,0,2,0
BRDA:7,0,3,0
BRF:4
BRH:0
end_of_record
